[0.992s] DEBUG:colcon:Command line arguments: ['/usr/bin/colcon', 'list', '-p', '--base-paths', '/home/akhil/adaptive_ekf_fusion']
[0.992s] DEBUG:colcon:Parsed command line arguments: Namespace(log_base=None, log_level=None, verb_name='list', build_base='build', ignore_user_meta=False, metas=['./colcon.meta'], base_paths=['/home/akhil/adaptive_ekf_fusion'], packages_ignore=None, packages_ignore_regex=None, paths=None, packages_up_to=None, packages_up_to_regex=None, packages_above=None, packages_above_and_dependencies=None, packages_above_depth=None, packages_select_by_dep=None, packages_skip_by_dep=None, packages_skip_up_to=None, packages_select_build_failed=False, packages_skip_build_finished=False, packages_select_test_failures=False, packages_skip_test_passed=False, packages_select=None, packages_skip=None, packages_select_regex=None, packages_skip_regex=None, packages_start=None, packages_end=None, allow_overriding=[], topological_order=False, names_only=False, paths_only=True, topological_graph=False, topological_graph_dot=False, topological_graph_density=False, topological_graph_legend=False, topological_graph_dot_cluster=False, topological_graph_dot_include_skipped=False, mixin_files=None, mixin=None, verb_parser=<colcon_mixin.mixin.mixin_argument.MixinArgumentDecorator object at 0x7a542bcd6540>, verb_extension=<colcon_package_information.verb.list.ListVerb object at 0x7a542bcd5310>, main=<bound method ListVerb.main of <colcon_package_information.verb.list.ListVerb object at 0x7a542bcd5310>>, mixin_verb=('list',))
[1.176s] Level 1:colcon.colcon_core.package_discovery:discover_packages(colcon_meta) check parameters
[1.177s] Level 1:colcon.colcon_core.package_discovery:discover_packages(recursive) check parameters
[1.177s] Level 1:colcon.colcon_core.package_discovery:discover_packages(ignore) check parameters
[1.177s] Level 1:colcon.colcon_core.package_discovery:discover_packages(path) check parameters
[1.177s] Level 1:colcon.colcon_core.package_discovery:discover_packages(recursive) discover
[1.177s] INFO:colcon.colcon_core.package_discovery:Crawling recursively for packages in '/home/akhil/adaptive_ekf_fusion'
[1.178s] Level 1:colcon.colcon_core.package_identification:_identify(/home/akhil/adaptive_ekf_fusion) by extensions ['ignore', 'ignore_ament_install']
[1.178s] Level 1:colcon.colcon_core.package_identification:_identify(/home/akhil/adaptive_ekf_fusion) by extension 'ignore'
[1.178s] Level 1:colcon.colcon_core.package_identification:_identify(/home/akhil/adaptive_ekf_fusion) by extension 'ignore_ament_install'
[1.179s] Level 1:colcon.colcon_core.package_identification:_identify(/home/akhil/adaptive_ekf_fusion) by extensions ['colcon_pkg']
[1.179s] Level 1:colcon.colcon_core.package_identification:_identify(/home/akhil/adaptive_ekf_fusion) by extension 'colcon_pkg'
[1.179s] Level 1:colcon.colcon_core.package_identification:_identify(/home/akhil/adaptive_ekf_fusion) by extensions ['colcon_meta']
[1.179s] Level 1:colcon.colcon_core.package_identification:_identify(/home/akhil/adaptive_ekf_fusion) by extension 'colcon_meta'
[1.179s] Level 1:colcon.colcon_core.package_identification:_identify(/home/akhil/adaptive_ekf_fusion) by extensions ['ros']
[1.180s] Level 1:colcon.colcon_core.package_identification:_identify(/home/akhil/adaptive_ekf_fusion) by extension 'ros'
[1.282s] Level 1:colcon.colcon_core.package_identification:_identify(/home/akhil/adaptive_ekf_fusion) by extensions ['cmake', 'python']
[1.283s] Level 1:colcon.colcon_core.package_identification:_identify(/home/akhil/adaptive_ekf_fusion) by extension 'cmake'
[1.283s] Level 1:colcon.colcon_core.package_identification:_identify(/home/akhil/adaptive_ekf_fusion) by extension 'python'
[1.283s] Level 1:colcon.colcon_core.package_identification:_identify(/home/akhil/adaptive_ekf_fusion) by extensions ['python_setup_py']
[1.283s] Level 1:colcon.colcon_core.package_identification:_identify(/home/akhil/adaptive_ekf_fusion) by extension 'python_setup_py'
[1.284s] Level 1:colcon.colcon_core.package_identification:_identify(/home/akhil/adaptive_ekf_fusion/build) by extensions ['ignore', 'ignore_ament_install']
[1.284s] Level 1:colcon.colcon_core.package_identification:_identify(/home/akhil/adaptive_ekf_fusion/build) by extension 'ignore'
[1.284s] Level 1:colcon.colcon_core.package_identification:_identify(/home/akhil/adaptive_ekf_fusion/build) ignored
[1.285s] Level 1:colcon.colcon_core.package_identification:_identify(/home/akhil/adaptive_ekf_fusion/install) by extensions ['ignore', 'ignore_ament_install']
[1.285s] Level 1:colcon.colcon_core.package_identification:_identify(/home/akhil/adaptive_ekf_fusion/install) by extension 'ignore'
[1.285s] Level 1:colcon.colcon_core.package_identification:_identify(/home/akhil/adaptive_ekf_fusion/install) ignored
[1.286s] Level 1:colcon.colcon_core.package_identification:_identify(/home/akhil/adaptive_ekf_fusion/log) by extensions ['ignore', 'ignore_ament_install']
[1.286s] Level 1:colcon.colcon_core.package_identification:_identify(/home/akhil/adaptive_ekf_fusion/log) by extension 'ignore'
[1.286s] Level 1:colcon.colcon_core.package_identification:_identify(/home/akhil/adaptive_ekf_fusion/log) ignored
[1.286s] Level 1:colcon.colcon_core.package_identification:_identify(/home/akhil/adaptive_ekf_fusion/src) by extensions ['ignore', 'ignore_ament_install']
[1.287s] Level 1:colcon.colcon_core.package_identification:_identify(/home/akhil/adaptive_ekf_fusion/src) by extension 'ignore'
[1.287s] Level 1:colcon.colcon_core.package_identification:_identify(/home/akhil/adaptive_ekf_fusion/src) by extension 'ignore_ament_install'
[1.287s] Level 1:colcon.colcon_core.package_identification:_identify(/home/akhil/adaptive_ekf_fusion/src) by extensions ['colcon_pkg']
[1.287s] Level 1:colcon.colcon_core.package_identification:_identify(/home/akhil/adaptive_ekf_fusion/src) by extension 'colcon_pkg'
[1.287s] Level 1:colcon.colcon_core.package_identification:_identify(/home/akhil/adaptive_ekf_fusion/src) by extensions ['colcon_meta']
[1.287s] Level 1:colcon.colcon_core.package_identification:_identify(/home/akhil/adaptive_ekf_fusion/src) by extension 'colcon_meta'
[1.288s] Level 1:colcon.colcon_core.package_identification:_identify(/home/akhil/adaptive_ekf_fusion/src) by extensions ['ros']
[1.288s] Level 1:colcon.colcon_core.package_identification:_identify(/home/akhil/adaptive_ekf_fusion/src) by extension 'ros'
[1.288s] Level 1:colcon.colcon_core.package_identification:_identify(/home/akhil/adaptive_ekf_fusion/src) by extensions ['cmake', 'python']
[1.288s] Level 1:colcon.colcon_core.package_identification:_identify(/home/akhil/adaptive_ekf_fusion/src) by extension 'cmake'
[1.288s] Level 1:colcon.colcon_core.package_identification:_identify(/home/akhil/adaptive_ekf_fusion/src) by extension 'python'
[1.289s] Level 1:colcon.colcon_core.package_identification:_identify(/home/akhil/adaptive_ekf_fusion/src) by extensions ['python_setup_py']
[1.289s] Level 1:colcon.colcon_core.package_identification:_identify(/home/akhil/adaptive_ekf_fusion/src) by extension 'python_setup_py'
[1.289s] Level 1:colcon.colcon_core.package_identification:_identify(/home/akhil/adaptive_ekf_fusion/src/adaptive_ekf) by extensions ['ignore', 'ignore_ament_install']
[1.289s] Level 1:colcon.colcon_core.package_identification:_identify(/home/akhil/adaptive_ekf_fusion/src/adaptive_ekf) by extension 'ignore'
[1.290s] Level 1:colcon.colcon_core.package_identification:_identify(/home/akhil/adaptive_ekf_fusion/src/adaptive_ekf) by extension 'ignore_ament_install'
[1.290s] Level 1:colcon.colcon_core.package_identification:_identify(/home/akhil/adaptive_ekf_fusion/src/adaptive_ekf) by extensions ['colcon_pkg']
[1.290s] Level 1:colcon.colcon_core.package_identification:_identify(/home/akhil/adaptive_ekf_fusion/src/adaptive_ekf) by extension 'colcon_pkg'
[1.290s] Level 1:colcon.colcon_core.package_identification:_identify(/home/akhil/adaptive_ekf_fusion/src/adaptive_ekf) by extensions ['colcon_meta']
[1.290s] Level 1:colcon.colcon_core.package_identification:_identify(/home/akhil/adaptive_ekf_fusion/src/adaptive_ekf) by extension 'colcon_meta'
[1.291s] Level 1:colcon.colcon_core.package_identification:_identify(/home/akhil/adaptive_ekf_fusion/src/adaptive_ekf) by extensions ['ros']
[1.291s] Level 1:colcon.colcon_core.package_identification:_identify(/home/akhil/adaptive_ekf_fusion/src/adaptive_ekf) by extension 'ros'
[1.304s] DEBUG:colcon.colcon_core.package_identification:Package '/home/akhil/adaptive_ekf_fusion/src/adaptive_ekf' with type 'ros.ament_cmake' and name 'adaptive_ekf'
[1.305s] Level 1:colcon.colcon_core.package_identification:_identify(/home/akhil/adaptive_ekf_fusion/src/antarctic_robot_description) by extensions ['ignore', 'ignore_ament_install']
[1.305s] Level 1:colcon.colcon_core.package_identification:_identify(/home/akhil/adaptive_ekf_fusion/src/antarctic_robot_description) by extension 'ignore'
[1.305s] Level 1:colcon.colcon_core.package_identification:_identify(/home/akhil/adaptive_ekf_fusion/src/antarctic_robot_description) by extension 'ignore_ament_install'
[1.305s] Level 1:colcon.colcon_core.package_identification:_identify(/home/akhil/adaptive_ekf_fusion/src/antarctic_robot_description) by extensions ['colcon_pkg']
[1.306s] Level 1:colcon.colcon_core.package_identification:_identify(/home/akhil/adaptive_ekf_fusion/src/antarctic_robot_description) by extension 'colcon_pkg'
[1.306s] Level 1:colcon.colcon_core.package_identification:_identify(/home/akhil/adaptive_ekf_fusion/src/antarctic_robot_description) by extensions ['colcon_meta']
[1.306s] Level 1:colcon.colcon_core.package_identification:_identify(/home/akhil/adaptive_ekf_fusion/src/antarctic_robot_description) by extension 'colcon_meta'
[1.306s] Level 1:colcon.colcon_core.package_identification:_identify(/home/akhil/adaptive_ekf_fusion/src/antarctic_robot_description) by extensions ['ros']
[1.306s] Level 1:colcon.colcon_core.package_identification:_identify(/home/akhil/adaptive_ekf_fusion/src/antarctic_robot_description) by extension 'ros'
[1.309s] DEBUG:colcon.colcon_core.package_identification:Package '/home/akhil/adaptive_ekf_fusion/src/antarctic_robot_description' with type 'ros.ament_cmake' and name 'antarctic_robot_description'
[1.309s] Level 1:colcon.colcon_core.package_discovery:discover_packages(recursive) using defaults
